<?xml version="1.0" encoding="UTF-8"?>
<!-- Generated by org.testng.reporters.JUnitXMLReporter -->
<testsuite ignored="0" hostname="AMBAL" failures="1" tests="3" name="regression" time="8.907" errors="0" timestamp="2023-05-17T14:53:03 IST">
  <testcase classname="com.sevenrmartsupermarket.tests.LoginTest" name="verifyErrorMessageOnInvalidUserLogin" time="0.766"/>
  <testcase classname="com.sevenrmartsupermarket.tests.LoginTest" name="verifySignInButtonText" time="0.047"/>
  <testcase classname="com.sevenrmartsupermarket.tests.LoginTest" name="verifyUserLogin" time="1.271">
    <failure type="java.lang.AssertionError" message="expected [admin] but found [Admin]">
      <![CDATA[java.lang.AssertionError: expected [admin] but found [Admin]
at com.sevenrmartsupermarket.tests.LoginTest.verifyUserLogin(LoginTest.java:22)
at java.base/java.util.concurrent.ThreadPoolExecutor.runWorker(ThreadPoolExecutor.java:1136)
at java.base/java.util.concurrent.ThreadPoolExecutor$Worker.run(ThreadPoolExecutor.java:635)
at java.base/java.lang.Thread.run(Thread.java:833)
... Removed 18 stack frames]]>
    </failure>
  </testcase> <!-- verifyUserLogin -->
</testsuite> <!-- regression -->
