<?xml version="1.0" encoding="UTF-8"?>
<!-- Generated by org.testng.reporters.JUnitXMLReporter -->
<testsuite ignored="2" hostname="AMBAL" failures="0" tests="1" name="Default test" time="4.888" errors="0" timestamp="2023-05-11T22:21:32 IST">
  <testcase classname="com.sevenrmartsupermarket.tests.LoginTest" name="verifyErrorMessageOnInvalidUserLogin" time="0.946"/>
  <testcase classname="com.sevenrmartsupermarket.tests.LoginTest" name="verifySignInButton" time="0.0">
    <ignored/>
  </testcase> <!-- verifySignInButton -->
  <testcase classname="com.sevenrmartsupermarket.tests.LoginTest" name="verifyUserLogin" time="0.0">
    <ignored/>
  </testcase> <!-- verifyUserLogin -->
</testsuite> <!-- Default test -->
