<?xml version="1.0" encoding="UTF-8"?>
<!-- Generated by org.testng.reporters.JUnitXMLReporter -->
<testsuite ignored="0" hostname="AMBAL" failures="0" tests="4" name="chrome browser" time="26.587" errors="0" timestamp="2023-05-17T21:52:44 IST">
  <testcase classname="com.sevenrmartsupermarket.tests.AdminUsersTest" name="verifyNewUserAdd" time="3.275"/>
  <testcase classname="com.sevenrmartsupermarket.tests.LoginTest" name="verifyErrorMessageOnInvalidUserLogin" time="0.925"/>
  <testcase classname="com.sevenrmartsupermarket.tests.LoginTest" name="verifySignInButtonText" time="0.139"/>
  <testcase classname="com.sevenrmartsupermarket.tests.LoginTest" name="verifyUserLogin" time="2.2"/>
</testsuite> <!-- chrome browser -->
