<?xml version="1.0" encoding="UTF-8"?>
<!-- Generated by org.testng.reporters.JUnitXMLReporter -->
<testsuite ignored="0" hostname="AMBAL" failures="0" tests="4" name="edge browser" time="39.868" errors="0" timestamp="2023-05-17T21:52:57 IST">
  <testcase classname="com.sevenrmartsupermarket.tests.AdminUsersTest" name="verifyNewUserAdd" time="0.0">
    <skipped/>
  </testcase> <!-- verifyNewUserAdd -->
  <testcase classname="com.sevenrmartsupermarket.tests.LoginTest" name="verifyErrorMessageOnInvalidUserLogin" time="0.0">
    <skipped/>
  </testcase> <!-- verifyErrorMessageOnInvalidUserLogin -->
  <testcase classname="com.sevenrmartsupermarket.tests.LoginTest" name="verifySignInButtonText" time="0.0">
    <skipped/>
  </testcase> <!-- verifySignInButtonText -->
  <testcase classname="com.sevenrmartsupermarket.tests.LoginTest" name="verifyUserLogin" time="0.0">
    <skipped/>
  </testcase> <!-- verifyUserLogin -->
</testsuite> <!-- edge browser -->
