<?xml version="1.0" encoding="UTF-8"?>
<!-- Generated by org.testng.reporters.JUnitXMLReporter -->
<testsuite ignored="2" hostname="AMBAL" failures="0" tests="2" name="smoke run" time="20.156" errors="0" timestamp="2023-05-16T22:11:49 IST">
  <testcase classname="com.sevenrmartsupermarket.tests.PushNotificationTest" name="verifyPushNotification" time="5.185"/>
  <testcase classname="com.sevenrmartsupermarket.tests.ManageUsersTest" name="verifyStatusChangingButton" time="5.144"/>
  <testcase classname="com.sevenrmartsupermarket.tests.ManageUsersTest" name="verifySearchUser" time="0.0">
    <ignored/>
  </testcase> <!-- verifySearchUser -->
  <testcase classname="com.sevenrmartsupermarket.tests.AdminUsersTest" name="verifyNewUserAdd" time="0.0">
    <ignored/>
  </testcase> <!-- verifyNewUserAdd -->
</testsuite> <!-- smoke run -->
