<?xml version="1.0" encoding="UTF-8"?>
<testng-results ignored="2" total="3" passed="1" failed="0" skipped="0">
  <reporter-output>
  </reporter-output>
  <suite started-at="2023-05-11T22:21:27 IST" name="Default suite" finished-at="2023-05-11T22:21:32 IST" duration-ms="4888">
    <groups>
    </groups>
    <test started-at="2023-05-11T22:21:27 IST" name="Default test" finished-at="2023-05-11T22:21:32 IST" duration-ms="4888">
      <class name="com.sevenrmartsupermarket.tests.LoginTest">
        <test-method is-config="true" signature="launchBrowser()[pri:0, instance:com.sevenrmartsupermarket.tests.LoginTest@6ed3ccb2]" started-at="2023-05-11T22:21:27 IST" name="launchBrowser" finished-at="2023-05-11T22:21:31 IST" duration-ms="3881" status="PASS">
          <reporter-output>
          </reporter-output>
        </test-method> <!-- launchBrowser -->
        <test-method signature="verifyErrorMessageOnInvalidUserLogin()[pri:0, instance:com.sevenrmartsupermarket.tests.LoginTest@6ed3ccb2]" started-at="2023-05-11T22:21:31 IST" name="verifyErrorMessageOnInvalidUserLogin" finished-at="2023-05-11T22:21:32 IST" duration-ms="946" status="PASS">
          <reporter-output>
          </reporter-output>
        </test-method> <!-- verifyErrorMessageOnInvalidUserLogin -->
        <test-method is-config="true" signature="terminateBrowser()[pri:0, instance:com.sevenrmartsupermarket.tests.LoginTest@6ed3ccb2]" started-at="2023-05-11T22:21:32 IST" name="terminateBrowser" finished-at="2023-05-11T22:21:32 IST" duration-ms="0" status="PASS">
          <reporter-output>
          </reporter-output>
        </test-method> <!-- terminateBrowser -->
      </class> <!-- com.sevenrmartsupermarket.tests.LoginTest -->
    </test> <!-- Default test -->
  </suite> <!-- Default suite -->
</testng-results>
