<?xml version="1.0" encoding="UTF-8"?>
<testng-results ignored="0" total="1" passed="1" failed="0" skipped="0">
  <reporter-output>
  </reporter-output>
  <suite started-at="2023-05-15T22:11:32 IST" name="Default suite" finished-at="2023-05-15T22:11:44 IST" duration-ms="11911">
    <groups>
    </groups>
    <test started-at="2023-05-15T22:11:32 IST" name="Default test" finished-at="2023-05-15T22:11:44 IST" duration-ms="11911">
      <class name="com.sevenrmartsupermarket.tests.ManageUsersTest">
        <test-method is-config="true" signature="launchBrowser()[pri:0, instance:com.sevenrmartsupermarket.tests.ManageUsersTest@6ed3ccb2]" started-at="2023-05-15T22:11:33 IST" name="launchBrowser" finished-at="2023-05-15T22:11:39 IST" duration-ms="5946" status="PASS">
          <reporter-output>
          </reporter-output>
        </test-method> <!-- launchBrowser -->
        <test-method signature="verifyStatusChangingButton()[pri:0, instance:com.sevenrmartsupermarket.tests.ManageUsersTest@6ed3ccb2]" started-at="2023-05-15T22:11:39 IST" name="verifyStatusChangingButton" finished-at="2023-05-15T22:11:44 IST" duration-ms="5827" status="PASS">
          <reporter-output>
          </reporter-output>
        </test-method> <!-- verifyStatusChangingButton -->
        <test-method is-config="true" signature="terminateBrowser(org.testng.ITestResult)[pri:0, instance:com.sevenrmartsupermarket.tests.ManageUsersTest@6ed3ccb2]" started-at="2023-05-15T22:11:44 IST" name="terminateBrowser" finished-at="2023-05-15T22:11:44 IST" duration-ms="5" status="PASS">
          <params>
            <param index="0">
              <value>
                <![CDATA[[TestResult name=verifyStatusChangingButton status=SUCCESS method=ManageUsersTest.verifyStatusChangingButton()[pri:0, instance:com.sevenrmartsupermarket.tests.ManageUsersTest@6ed3ccb2] output={null}]]]>
              </value>
            </param>
          </params>
          <reporter-output>
          </reporter-output>
        </test-method> <!-- terminateBrowser -->
      </class> <!-- com.sevenrmartsupermarket.tests.ManageUsersTest -->
    </test> <!-- Default test -->
  </suite> <!-- Default suite -->
</testng-results>
